0 info it worked if it ends with ok
1 verbose cli [ 'C:\\Program Files\\nodejs\\node.exe',
1 verbose cli   'C:\\Program Files\\nodejs\\node_modules\\npm\\bin\\npm-cli.js',
1 verbose cli   'run',
1 verbose cli   'dev' ]
2 info using npm@3.10.10
3 info using node@v7.3.0
4 verbose run-script [ 'predev', 'dev', 'postdev' ]
5 info lifecycle bee-blog@0.0.1~predev: bee-blog@0.0.1
6 silly lifecycle bee-blog@0.0.1~predev: no script for predev, continuing
7 info lifecycle bee-blog@0.0.1~dev: bee-blog@0.0.1
8 verbose lifecycle bee-blog@0.0.1~dev: unsafe-perm in lifecycle true
9 verbose lifecycle bee-blog@0.0.1~dev: PATH: C:\Program Files\nodejs\node_modules\npm\bin\node-gyp-bin;D:\gitlab\fs-blog\bee-blog\node_modules\.bin;D:\cmder\bin;C:\Program Files\Git\bin;C:\Program Files\Git\usr\bin;C:\Program Files\Git\usr\share\vim\vim74;D:\cmder\vendor\conemu-maximus5\ConEmu\Scripts;D:\cmder\vendor\conemu-maximus5;D:\cmder\vendor\conemu-maximus5\ConEmu;C:\ProgramData\Oracle\Java\javapath;C:\Program Files (x86)\Intel\iCLS Client\;C:\Program Files\Intel\iCLS Client\;C:\windows\system32;C:\windows;C:\windows\System32\Wbem;C:\windows\System32\WindowsPowerShell\v1.0\;C:\Program Files\Intel\Intel(R) Management Engine Components\DAL;C:\Program Files (x86)\Intel\Intel(R) Management Engine Components\DAL;C:\Program Files\Intel\Intel(R) Management Engine Components\IPT;C:\Program Files (x86)\Intel\Intel(R) Management Engine Components\IPT;C:\Program Files\Git\cmd;C:\Program Files (x86)\QuickTime\QTSystem\;C:\Users\linh\AppData\Roaming\npm;C:\Program Files\nvm;C:\Program Files\nodejs;C:\Program Files\nodejs\;C:\Program Files\MySQL\MySQL Utilities 1.6\;C:\Program Files (x86)\Calibre2\;C:\Go\bin;C:\Program Files\Java\jdk1.8.0_144\bin;C:\Program Files\PuTTY\;C:\Program Files\TortoiseSVN\bin;C:\Users\linh\AppData\Local\Programs\Python\Python35-32\Scripts\;C:\Users\linh\AppData\Local\Programs\Python\Python35-32\;C:\Program Files (x86)\Microsoft VS Code\bin;C:\Program Files\nvm;C:\Program Files\nodejs;C:\Users\linh\AppData\Roaming\npm;D:\apache-maven-3.5.0\bin;;C:\Users\linh\AppData\Local\Programs\Fiddler;D:\android-sdk-windows\platform-tools;C:\Go\bin;;C:\Program Files\Docker Toolbox;C:\Program Files\TortoiseSVN\bin;;D:\cmder\
10 verbose lifecycle bee-blog@0.0.1~dev: CWD: D:\gitlab\fs-blog\bee-blog
11 silly lifecycle bee-blog@0.0.1~dev: Args: [ '/d /s /c',
11 silly lifecycle   'cross-env DEBUG=bee-blog:* PORT=8989 NODE_ENV=development node ./bin/www.js' ]
12 silly lifecycle bee-blog@0.0.1~dev: Returned: code: 1  signal: null
13 info lifecycle bee-blog@0.0.1~dev: Failed to exec dev script
14 verbose stack Error: bee-blog@0.0.1 dev: `cross-env DEBUG=bee-blog:* PORT=8989 NODE_ENV=development node ./bin/www.js`
14 verbose stack Exit status 1
14 verbose stack     at EventEmitter.<anonymous> (C:\Program Files\nodejs\node_modules\npm\lib\utils\lifecycle.js:255:16)
14 verbose stack     at emitTwo (events.js:106:13)
14 verbose stack     at EventEmitter.emit (events.js:191:7)
14 verbose stack     at ChildProcess.<anonymous> (C:\Program Files\nodejs\node_modules\npm\lib\utils\spawn.js:40:14)
14 verbose stack     at emitTwo (events.js:106:13)
14 verbose stack     at ChildProcess.emit (events.js:191:7)
14 verbose stack     at maybeClose (internal/child_process.js:885:16)
14 verbose stack     at Process.ChildProcess._handle.onexit (internal/child_process.js:226:5)
15 verbose pkgid bee-blog@0.0.1
16 verbose cwd D:\gitlab\fs-blog\bee-blog
17 error Windows_NT 6.3.9600
18 error argv "C:\\Program Files\\nodejs\\node.exe" "C:\\Program Files\\nodejs\\node_modules\\npm\\bin\\npm-cli.js" "run" "dev"
19 error node v7.3.0
20 error npm  v3.10.10
21 error code ELIFECYCLE
22 error bee-blog@0.0.1 dev: `cross-env DEBUG=bee-blog:* PORT=8989 NODE_ENV=development node ./bin/www.js`
22 error Exit status 1
23 error Failed at the bee-blog@0.0.1 dev script 'cross-env DEBUG=bee-blog:* PORT=8989 NODE_ENV=development node ./bin/www.js'.
23 error Make sure you have the latest version of node.js and npm installed.
23 error If you do, this is most likely a problem with the bee-blog package,
23 error not with npm itself.
23 error Tell the author that this fails on your system:
23 error     cross-env DEBUG=bee-blog:* PORT=8989 NODE_ENV=development node ./bin/www.js
23 error You can get information on how to open an issue for this project with:
23 error     npm bugs bee-blog
23 error Or if that isn't available, you can get their info via:
23 error     npm owner ls bee-blog
23 error There is likely additional logging output above.
24 verbose exit [ 1, true ]
